<?xml version="1.0" encoding="utf-8"?><testsuites name="pytest tests"><testsuite name="pytest" errors="0" failures="0" skipped="0" tests="12" time="4.300" timestamp="2026-02-18T05:13:57.465937+00:00" hostname="agent-env-505875f8-2305-49b4-9fc5-79277f59a80b"><testcase classname="backend.tests.test_trash_restore.TestSoftDeleteJob" name="test_create_job_then_soft_delete" time="0.911" /><testcase classname="backend.tests.test_trash_restore.TestSoftDeleteCompany" name="test_create_company_then_soft_delete" time="0.367" /><testcase classname="backend.tests.test_trash_restore.TestRestoreFunctionality" name="test_restore_job_from_trash" time="0.511" /><testcase classname="backend.tests.test_trash_restore.TestRestoreFunctionality" name="test_restore_company_from_trash" time="0.341" /><testcase classname="backend.tests.test_trash_restore.TestPermanentDelete" name="test_permanent_delete_job" time="0.300" /><testcase classname="backend.tests.test_trash_restore.TestTrashEndpoint" name="test_trash_returns_all_categories" time="0.109" /><testcase classname="backend.tests.test_trash_restore.TestSoftDeleteOtherEntities" name="test_contact_soft_delete_and_restore" time="0.407" /><testcase classname="backend.tests.test_trash_restore.TestSoftDeleteOtherEntities" name="test_todo_soft_delete_and_restore" time="0.419" /><testcase classname="backend.tests.test_trash_restore.TestSoftDeleteOtherEntities" name="test_knowledge_soft_delete_and_restore" time="0.411" /><testcase classname="backend.tests.test_trash_restore.TestErrorCases" name="test_restore_nonexistent_item" time="0.120" /><testcase classname="backend.tests.test_trash_restore.TestErrorCases" name="test_permanent_delete_nonexistent_item" time="0.127" /><testcase classname="backend.tests.test_trash_restore.TestErrorCases" name="test_invalid_item_type" time="0.138" /></testsuite></testsuites>