<?xml version="1.0" encoding="utf-8"?><testsuites name="pytest tests"><testsuite name="pytest" errors="0" failures="0" skipped="0" tests="7" time="1.615" timestamp="2026-02-18T05:14:06.212988+00:00" hostname="agent-env-505875f8-2305-49b4-9fc5-79277f59a80b"><testcase classname="backend.tests.test_resume_parsing.TestResumeUploadPDF" name="test_upload_valid_pdf_returns_success" time="0.729" /><testcase classname="backend.tests.test_resume_parsing.TestResumeUploadPDF" name="test_pdf_extracts_email" time="0.111" /><testcase classname="backend.tests.test_resume_parsing.TestResumeUploadPDF" name="test_pdf_extracts_skills" time="0.106" /><testcase classname="backend.tests.test_resume_parsing.TestResumeUploadDOCX" name="test_upload_valid_docx_returns_success" time="0.271" /><testcase classname="backend.tests.test_resume_parsing.TestResumeUploadErrors" name="test_reject_unsupported_file_type" time="0.104" /><testcase classname="backend.tests.test_resume_parsing.TestResumeUploadErrors" name="test_reject_image_file" time="0.113" /><testcase classname="backend.tests.test_resume_parsing.TestResumeParsingQuality" name="test_parsed_data_has_expected_structure" time="0.119" /></testsuite></testsuites>